<?xml version="1.0" encoding="UTF-8" ?>
<testsuite errors="0" skipped="0" tests="6" time="0.031" failures="0" name="org.owasp.esapi.reference.IntegerAccessReferenceMapTest">
  <properties>
    <property value="Sun Microsystems Inc." name="java.vendor"/>
    <property value="C:\Documents and Settings\Jim\.m2\repository" name="localRepository"/>
    <property value="SUN_STANDARD" name="sun.java.launcher"/>
    <property value="HotSpot Client Compiler" name="sun.management.compiler"/>
    <property value="$P$G" name="env.PROMPT"/>
    <property value="Windows XP" name="os.name"/>
    <property value="NO" name="env.FP_NO_HOST_CHECK"/>
    <property value="C:\Program Files\Java\jdk1.5.0_22\jre\lib\rt.jar;C:\Program Files\Java\jdk1.5.0_22\jre\lib\i18n.jar;C:\Program Files\Java\jdk1.5.0_22\jre\lib\sunrsasign.jar;C:\Program Files\Java\jdk1.5.0_22\jre\lib\jsse.jar;C:\Program Files\Java\jdk1.5.0_22\jre\lib\jce.jar;C:\Program Files\Java\jdk1.5.0_22\jre\lib\charsets.jar;C:\Program Files\Java\jdk1.5.0_22\jre\classes" name="sun.boot.class.path"/>
    <property value="WORKHORSE" name="env.COMPUTERNAME"/>
    <property value="C:\Documents and Settings\All Users" name="env.ALLUSERSPROFILE"/>
    <property value="windows" name="sun.desktop"/>
    <property value="Sun Microsystems Inc." name="java.vm.specification.vendor"/>
    <property value="1.5.0_22-b03" name="java.runtime.version"/>
    <property value="\Documents and Settings\Jim" name="env.HOMEPATH"/>
    <property value="Jim" name="user.name"/>
    <property value="C:\Program Files\Java\jre1.5.0_22\lib\ext\QTJava.zip" name="env.QTJAVA"/>
    <property value="en" name="user.language"/>
    <property value="C:\Program Files\Java\jdk1.5.0_22\jre\bin" name="sun.boot.library.path"/>
    <property value="C:\workspace_35\.metadata\.plugins\org.maven.ide.eclipse\launches\m2conf5645344212380325279.tmp" name="classworlds.conf"/>
    <property value="1.5.0_22" name="java.version"/>
    <property value="x86 Family 6 Model 15 Stepping 11, GenuineIntel" name="env.PROCESSOR_IDENTIFIER"/>
    <property value="Pacific/Honolulu" name="user.timezone"/>
    <property value="C:\DOCUME~1\Jim\LOCALS~1\Temp" name="env.TEMP"/>
    <property value="32" name="sun.arch.data.model"/>
    <property value="C:\Program Files\Java\jdk1.5.0_22\jre\lib\endorsed" name="java.endorsed.dirs"/>
    <property value="pentium_pro+mmx pentium_pro pentium+mmx pentium i486 i386 i86" name="sun.cpu.isalist"/>
    <property value="C:" name="env.HOMEDRIVE"/>
    <property value="Cp1252" name="sun.jnu.encoding"/>
    <property value="sun.io" name="file.encoding.pkg"/>
    <property value="\" name="file.separator"/>
    <property value="Java Platform API Specification" name="java.specification.name"/>
    <property value="49.0" name="java.class.version"/>
    <property value="US" name="user.country"/>
    <property value="C:\Program Files\Java\jdk1.5.0_22\jre" name="java.home"/>
    <property value="C:\Documents and Settings\Jim\Application Data" name="env.APPDATA"/>
    <property value="mixed mode, sharing" name="java.vm.info"/>
    <property value="C:\WINDOWS\system32\cmd.exe" name="env.ComSpec"/>
    <property value="Windows_NT" name="env.OS"/>
    <property value="C:\Program Files\Common Files" name="env.CommonProgramFiles"/>
    <property value="5.1" name="os.version"/>
    <property value=";" name="path.separator"/>
    <property value="1.5.0_22-b03" name="java.vm.version"/>
    <property value="" name="user.variant"/>
    <property value="C:\Documents and Settings\Jim" name="env.USERPROFILE"/>
    <property value="C:\Program Files\Java\jdk1.5.0_22\bin" name="env.JAVA_HOME"/>
    <property value="sun.awt.windows.WPrinterJob" name="java.awt.printerjob"/>
    <property value="C:\DOCUME~1\Jim\LOCALS~1\Temp" name="env.TMP"/>
    <property value="UnicodeLittle" name="sun.io.unicode.encoding"/>
    <property value="sun.awt.windows.WToolkit" name="awt.toolkit"/>
    <property value="C:\Documents and Settings\Jim" name="user.home"/>
    <property value="Console" name="env.SESSIONNAME"/>
    <property value="Sun Microsystems Inc." name="java.specification.vendor"/>
    <property value="C:\Documents and Settings\Jim\Local Settings\Application Data\HuluDesktop\instances\0.9.10.1\HuluDesktop.exe" name="env.HuluDesktopPath"/>
    <property value="2" name="env.NUMBER_OF_PROCESSORS"/>
    <property value="C:\Program Files\Java\jdk1.5.0_22\bin;.;C:\WINDOWS\system32;C:\WINDOWS;C:/Program Files/Java/jdk1.5.0_22/bin/../jre/bin/client;C:/Program Files/Java/jdk1.5.0_22/bin/../jre/bin;C:\WINDOWS\system32;C:\WINDOWS;C:\WINDOWS\System32\Wbem;C:\Program Files\Intel\DMIX;C:\Program Files\Java\jdk1.5.0_15\bin;;C:\Program Files\apache-ant-1.7.0\bin;C:\WINDOWS\system32\WindowsPowerShell\v1.0;C:\Program Files\QuickTime\QTSystem\" name="java.library.path"/>
    <property value="http://java.sun.com/" name="java.vendor.url"/>
    <property value="Sun Microsystems Inc." name="java.vm.vendor"/>
    <property value="EMBEDDED" name="maven.home"/>
    <property value="Java(TM) 2 Runtime Environment, Standard Edition" name="java.runtime.name"/>
    <property value="/C:/Program Files/eclipse/plugins/org.maven.ide.components.maven_embedder_2.1.0.20080530-2300/jars/plexus-classworlds-1.2-alpha-12.jar" name="java.class.path"/>
    <property value="Java Virtual Machine Specification" name="java.vm.specification.name"/>
    <property value="\\WORKHORSE" name="env.LOGONSERVER"/>
    <property value="C:\WINDOWS" name="env.windir"/>
    <property value="1.0" name="java.vm.specification.version"/>
    <property value="x86" name="env.PROCESSOR_ARCHITECTURE"/>
    <property value="C:\workspace_35\.metadata\.plugins\org.maven.ide.eclipse\workspacestate.properties" name="m2eclipse.workspace.state"/>
    <property value="little" name="sun.cpu.endian"/>
    <property value="Service Pack 3" name="sun.os.patch.level"/>
    <property value="C:\workspace_35\ESAPI-1.4\target\test-classes;C:\workspace_35\ESAPI-1.4\target\classes;C:\Documents and Settings\Jim\.m2\repository\commons-configuration\commons-configuration\1.5\commons-configuration-1.5.jar;C:\Documents and Settings\Jim\.m2\repository\commons-collections\commons-collections\3.2\commons-collections-3.2.jar;C:\Documents and Settings\Jim\.m2\repository\commons-lang\commons-lang\2.3\commons-lang-2.3.jar;C:\Documents and Settings\Jim\.m2\repository\commons-logging\commons-logging\1.1\commons-logging-1.1.jar;C:\Documents and Settings\Jim\.m2\repository\log4j\log4j\1.2.12\log4j-1.2.12.jar;C:\Documents and Settings\Jim\.m2\repository\logkit\logkit\1.0.1\logkit-1.0.1.jar;C:\Documents and Settings\Jim\.m2\repository\avalon-framework\avalon-framework\4.1.3\avalon-framework-4.1.3.jar;C:\Documents and Settings\Jim\.m2\repository\javax\servlet\servlet-api\2.4\servlet-api-2.4.jar;C:\Documents and Settings\Jim\.m2\repository\commons-digester\commons-digester\1.8\commons-digester-1.8.jar;C:\Documents and Settings\Jim\.m2\repository\commons-beanutils\commons-beanutils\1.7.0\commons-beanutils-1.7.0.jar;C:\Documents and Settings\Jim\.m2\repository\commons-beanutils\commons-beanutils-core\1.7.0\commons-beanutils-core-1.7.0.jar;C:\Documents and Settings\Jim\.m2\repository\junit\junit\3.8.1\junit-3.8.1.jar;C:\Documents and Settings\Jim\.m2\repository\javax\servlet\jsp-api\2.0\jsp-api-2.0.jar;C:\Documents and Settings\Jim\.m2\repository\commons-fileupload\commons-fileupload\1.2\commons-fileupload-1.2.jar;C:\Documents and Settings\Jim\.m2\repository\commons-io\commons-io\1.3\commons-io-1.3.jar;C:\Documents and Settings\Jim\.m2\repository\org\owasp\antisamy\1.3-SNAPSHOT\antisamy-1.3-SNAPSHOT.jar;C:\Documents and Settings\Jim\.m2\repository\xerces\xercesImpl\2.8.1\xercesImpl-2.8.1.jar;C:\Documents and Settings\Jim\.m2\repository\xml-apis\xml-apis\1.3.03\xml-apis-1.3.03.jar;C:\Documents and Settings\Jim\.m2\repository\batik\batik-css\1.6-1\batik-css-1.6-1.jar;C:\Documents and Settings\Jim\.m2\repository\batik\batik-util\1.6-1\batik-util-1.6-1.jar;C:\Documents and Settings\Jim\.m2\repository\batik\batik-gui-util\1.6-1\batik-gui-util-1.6-1.jar;C:\Documents and Settings\Jim\.m2\repository\batik\batik-ext\1.6-1\batik-ext-1.6-1.jar;C:\Documents and Settings\Jim\.m2\repository\xml-apis\xmlParserAPIs\2.0.2\xmlParserAPIs-2.0.2.jar;C:\Documents and Settings\Jim\.m2\repository\net\sourceforge\nekohtml\nekohtml\1.9.11\nekohtml-1.9.11.jar;C:\Documents and Settings\Jim\.m2\repository\commons-httpclient\commons-httpclient\3.1\commons-httpclient-3.1.jar;C:\Documents and Settings\Jim\.m2\repository\commons-codec\commons-codec\1.2\commons-codec-1.2.jar;" name="surefire.test.class.path"/>
    <property value="C:\Program Files" name="env.ProgramFiles"/>
    <property value="C:\DOCUME~1\Jim\LOCALS~1\Temp\" name="java.io.tmpdir"/>
    <property value="0f0b" name="env.PROCESSOR_REVISION"/>
    <property value="http://java.sun.com/cgi-bin/bugreport.cgi" name="java.vendor.url.bug"/>
    <property value="C:\WINDOWS" name="env.SystemRoot"/>
    <property value="sun.awt.Win32GraphicsEnvironment" name="java.awt.graphicsenv"/>
    <property value="x86" name="os.arch"/>
    <property value="C:\Program Files\Java\jdk1.5.0_22\jre\lib\ext" name="java.ext.dirs"/>
    <property value="C:\workspace_35\ESAPI-1.4" name="user.dir"/>
    <property value="
" name="line.separator"/>
    <property value="Java HotSpot(TM) Client VM" name="java.vm.name"/>
    <property value=".COM;.EXE;.BAT;.CMD;.VBS;.VBE;.JS;.JSE;.WSF;.WSH;.PSC1" name="env.PATHEXT"/>
    <property value="C:/Program Files/Java/jdk1.5.0_22/bin/../jre/bin/client;C:/Program Files/Java/jdk1.5.0_22/bin/../jre/bin;C:\WINDOWS\system32;C:\WINDOWS;C:\WINDOWS\System32\Wbem;C:\Program Files\Intel\DMIX;C:\Program Files\Java\jdk1.5.0_15\bin;;C:\Program Files\apache-ant-1.7.0\bin;C:\WINDOWS\system32\WindowsPowerShell\v1.0;C:\Program Files\QuickTime\QTSystem\" name="env.Path"/>
    <property value="C:\workspace_35\ESAPI-1.4" name="basedir"/>
    <property value="true" name="maven.mode.standalone"/>
    <property value="Jim" name="env.USERNAME"/>
    <property value="C:" name="env.SystemDrive"/>
    <property value="Cp1252" name="file.encoding"/>
    <property value="WORKHORSE" name="env.USERDOMAIN"/>
    <property value="1.5" name="java.specification.version"/>
    <property value="6" name="env.PROCESSOR_LEVEL"/>
  </properties>
  <testcase classname="org.owasp.esapi.reference.IntegerAccessReferenceMapTest" time="0.031" name="testUpdate"/>
  <testcase classname="org.owasp.esapi.reference.IntegerAccessReferenceMapTest" time="0" name="testIterator"/>
  <testcase classname="org.owasp.esapi.reference.IntegerAccessReferenceMapTest" time="0" name="testGetIndirectReference"/>
  <testcase classname="org.owasp.esapi.reference.IntegerAccessReferenceMapTest" time="0" name="testGetDirectReference"/>
  <testcase classname="org.owasp.esapi.reference.IntegerAccessReferenceMapTest" time="0" name="testAddDirectReference"/>
  <testcase classname="org.owasp.esapi.reference.IntegerAccessReferenceMapTest" time="0" name="testRemoveDirectReference"/>
</testsuite>